<?xml version="1.0" encoding="UTF-8"?>
<testng-results ignored="0" total="3" passed="3" failed="0" skipped="0">
  <reporter-output>
  </reporter-output>
  <suite started-at="2022-07-10T03:29:54 ICT" name="Command line suite" finished-at="2022-07-10T03:30:21 ICT" duration-ms="26813">
    <groups>
    </groups>
    <test started-at="2022-07-10T03:29:54 ICT" name="Command line test" finished-at="2022-07-10T03:30:21 ICT" duration-ms="26813">
      <class name="com.quannguyen.tests.LoginTest">
        <test-method is-config="true" signature="BeforeMethod()[pri:0, instance:com.quannguyen.tests.LoginTest@3697186]" started-at="2022-07-10T03:29:54 ICT" name="BeforeMethod" finished-at="2022-07-10T03:30:02 ICT" duration-ms="8012" status="PASS">
          <reporter-output>
          </reporter-output>
        </test-method> <!-- BeforeMethod -->
        <test-method signature="openBrowser(java.lang.reflect.Method)[pri:0, instance:com.quannguyen.tests.LoginTest@3697186]" started-at="2022-07-10T03:30:02 ICT" name="openBrowser" description="Login successfully." finished-at="2022-07-10T03:30:02 ICT" duration-ms="3" status="PASS">
          <params>
            <param index="0">
              <value>
                <![CDATA[public void com.quannguyen.tests.LoginTest.openBrowser(java.lang.reflect.Method)]]>
              </value>
            </param>
          </params>
          <reporter-output>
          </reporter-output>
        </test-method> <!-- openBrowser -->
        <test-method is-config="true" signature="AfterMethod()[pri:0, instance:com.quannguyen.tests.LoginTest@3697186]" started-at="2022-07-10T03:30:02 ICT" name="AfterMethod" finished-at="2022-07-10T03:30:02 ICT" duration-ms="468" status="PASS">
          <reporter-output>
          </reporter-output>
        </test-method> <!-- AfterMethod -->
        <test-method is-config="true" signature="BeforeMethod()[pri:0, instance:com.quannguyen.tests.LoginTest@3697186]" started-at="2022-07-10T03:30:02 ICT" name="BeforeMethod" finished-at="2022-07-10T03:30:08 ICT" duration-ms="5594" status="PASS">
          <reporter-output>
          </reporter-output>
        </test-method> <!-- BeforeMethod -->
        <test-method signature="LoginSuccessfulCase(java.lang.reflect.Method)[pri:1, instance:com.quannguyen.tests.LoginTest@3697186]" started-at="2022-07-10T03:30:08 ICT" name="LoginSuccessfulCase" description="Login successfully." finished-at="2022-07-10T03:30:12 ICT" duration-ms="3526" status="PASS">
          <params>
            <param index="0">
              <value>
                <![CDATA[public void com.quannguyen.tests.LoginTest.LoginSuccessfulCase(java.lang.reflect.Method) throws java.lang.InterruptedException]]>
              </value>
            </param>
          </params>
          <reporter-output>
          </reporter-output>
        </test-method> <!-- LoginSuccessfulCase -->
        <test-method is-config="true" signature="AfterMethod()[pri:0, instance:com.quannguyen.tests.LoginTest@3697186]" started-at="2022-07-10T03:30:12 ICT" name="AfterMethod" finished-at="2022-07-10T03:30:12 ICT" duration-ms="180" status="PASS">
          <reporter-output>
          </reporter-output>
        </test-method> <!-- AfterMethod -->
        <test-method is-config="true" signature="BeforeMethod()[pri:0, instance:com.quannguyen.tests.LoginTest@3697186]" started-at="2022-07-10T03:30:12 ICT" name="BeforeMethod" finished-at="2022-07-10T03:30:18 ICT" duration-ms="5861" status="PASS">
          <reporter-output>
          </reporter-output>
        </test-method> <!-- BeforeMethod -->
        <test-method signature="LoginUnsuccessfully(java.lang.reflect.Method)[pri:1, instance:com.quannguyen.tests.LoginTest@3697186]" started-at="2022-07-10T03:30:18 ICT" name="LoginUnsuccessfully" description="Login Unsuccessfully with empty username and password." finished-at="2022-07-10T03:30:20 ICT" duration-ms="2917" status="PASS">
          <params>
            <param index="0">
              <value>
                <![CDATA[public void com.quannguyen.tests.LoginTest.LoginUnsuccessfully(java.lang.reflect.Method)]]>
              </value>
            </param>
          </params>
          <reporter-output>
          </reporter-output>
        </test-method> <!-- LoginUnsuccessfully -->
        <test-method is-config="true" signature="AfterMethod()[pri:0, instance:com.quannguyen.tests.LoginTest@3697186]" started-at="2022-07-10T03:30:20 ICT" name="AfterMethod" finished-at="2022-07-10T03:30:21 ICT" duration-ms="163" status="PASS">
          <reporter-output>
          </reporter-output>
        </test-method> <!-- AfterMethod -->
      </class> <!-- com.quannguyen.tests.LoginTest -->
    </test> <!-- Command line test -->
  </suite> <!-- Command line suite -->
</testng-results>
