<?xml version="1.0" encoding="UTF-8"?>
<!-- Generated by org.testng.reporters.JUnitXMLReporter -->
<testsuite ignored="0" hostname="Quang" failures="0" tests="3" name="Command line test" time="25.652" errors="0" timestamp="2022-07-10T02:58:26 ICT">
  <testcase classname="com.quannguyen.tests.LoginTest" name="openBrowser" time="0.002"/>
  <testcase classname="com.quannguyen.tests.LoginTest" name="LoginSuccessfulCase" time="3.548"/>
  <testcase classname="com.quannguyen.tests.LoginTest" name="LoginUnsuccessfully" time="2.584"/>
</testsuite> <!-- Command line test -->
