<?xml version="1.0" encoding="UTF-8"?>
<!-- Generated by org.testng.reporters.JUnitXMLReporter -->
<testsuite ignored="0" hostname="Quang" failures="0" tests="3" name="Command line test" time="26.813" errors="0" timestamp="2022-07-10T03:30:21 ICT">
  <testcase classname="com.quannguyen.tests.LoginTest" name="openBrowser" time="0.003"/>
  <testcase classname="com.quannguyen.tests.LoginTest" name="LoginSuccessfulCase" time="3.526"/>
  <testcase classname="com.quannguyen.tests.LoginTest" name="LoginUnsuccessfully" time="2.917"/>
</testsuite> <!-- Command line test -->
